# JRE version: Java(TM) SE Runtime Environment (11.0.1+13) (build 11.0.1+13-LTS)
# Java VM: Java HotSpot(TM) 64-Bit Server VM (11.0.1+13-LTS, mixed mode, tiered, compressed oops, g1 gc, bsd-amd64)
Heap:
 garbage-first heap   total 131072K, used 25528K [0x0000000780000000, 0x0000000800000000)
  region size 1024K, 14 young (14336K), 4 survivors (4096K)
 Metaspace       used 19559K, capacity 20113K, committed 20480K, reserved 1067008K
  class space    used 2227K, capacity 2461K, committed 2560K, reserved 1048576K
GC Heap History (6 events):
Event: 1.998 GC heap before
{Heap before GC invocations=0 (full 0):
 garbage-first heap   total 131072K, used 16384K [0x0000000780000000, 0x0000000800000000)
  region size 1024K, 14 young (14336K), 0 survivors (0K)
 Metaspace       used 16893K, capacity 17358K, committed 17664K, reserved 1064960K
  class space    used 1996K, capacity 2202K, committed 2304K, reserved 1048576K
}
Event: 2.009 GC heap after
{Heap after GC invocations=1 (full 0):
 garbage-first heap   total 131072K, used 6498K [0x0000000780000000, 0x0000000800000000)
  region size 1024K, 2 young (2048K), 2 survivors (2048K)
 Metaspace       used 16893K, capacity 17358K, committed 17664K, reserved 1064960K
  class space    used 1996K, capacity 2202K, committed 2304K, reserved 1048576K
}
Event: 2.295 GC heap before
{Heap before GC invocations=1 (full 0):
 garbage-first heap   total 131072K, used 29026K [0x0000000780000000, 0x0000000800000000)
  region size 1024K, 22 young (22528K), 2 survivors (2048K)
 Metaspace       used 17110K, capacity 17585K, committed 17920K, reserved 1064960K
  class space    used 2018K, capacity 2235K, committed 2304K, reserved 1048576K
}
Event: 2.305 GC heap after
{Heap after GC invocations=2 (full 0):
 garbage-first heap   total 131072K, used 8871K [0x0000000780000000, 0x0000000800000000)
  region size 1024K, 1 young (1024K), 1 survivors (1024K)
 Metaspace       used 17110K, capacity 17585K, committed 17920K, reserved 1064960K
  class space    used 2018K, capacity 2235K, committed 2304K, reserved 1048576K
}
Event: 6.400 GC heap before
{Heap before GC invocations=2 (full 0):
 garbage-first heap   total 131072K, used 37543K [0x0000000780000000, 0x0000000800000000)
  region size 1024K, 25 young (25600K), 1 survivors (1024K)
 Metaspace       used 19553K, capacity 20113K, committed 20480K, reserved 1067008K
  class space    used 2227K, capacity 2461K, committed 2560K, reserved 1048576K
}
Event: 6.408 GC heap after
{Heap after GC invocations=3 (full 0):
 garbage-first heap   total 131072K, used 16312K [0x0000000780000000, 0x0000000800000000)
  region size 1024K, 4 young (4096K), 4 survivors (4096K)
 Metaspace       used 19553K, capacity 20113K, committed 20480K, reserved 1067008K
  class space    used 2227K, capacity 2461K, committed 2560K, reserved 1048576K
}

